
ROM used:   4038/16384 (12%)
            6362/16384 (19%) including unused fragments

            3.1 Average locations per line
            15.1 Average locations per statement

RAM used:   181/2048 (9%) at main() level
            240/2048 (12%) worst case

Stack used: 6 worst case (2 in main + 4 for interrupts)
Stack size: 31

Lines Stmts  %   Files
----- ----- ---  -----
  463   267 100  ComSerial.c
  821     0   0  C:\Program Files (x86)\PICC\Devices\18F4550.h
----- -----
 1284   267 Total

Page ROM  %  RAM   Vol Diff  Functions:
---- --- --- ---   --- ----  ----------
0     12   0    0    32  1.0  activar_timer
0      4   0    0    17  0.8  desactivar_timer
0    486   6   12   879  7.5  inter_quantum
0     10   0    0    32  1.0  inte_Init
0     22   0    0    54  1.5  serial_isr
0     56   1    3   153  4.7  addcbuff
0     34   0    3   131  3.5  inicbuff
0    440   5   16  1249  8.3  procesa_cmd
0     84   1   14             @MUL3232
0     70   1    0   511  5.2  ROML_LedA1
0     72   1    0   553  5.2  ROML_LedA2
0     96   1    0   697  5.3  voidTask_LedC1
0     96   1    0   697  5.3  voidTask_LedC2
0    584   7    4   937  6.3  task_manager
0     52   1    0             @const723
0     34   0    2             @PSTRINGC_9600_31766_31767
0     50   1    0             @const725
0     32   0    3             @PSTRINGCN_9600_31766_31767
0    142   2   13             @DIV3232
0    166   2   12             @PRINTF_L32U_9600_31766_31767
0    106   1    3   170  3.8  cargar_proceso
0     22   0    0             @const738
0     40   0    3             @DIV88
0    178   2    6             @PRINTF_D_9600_31766_31767
0    192   2    7   527  7.2  descargar_proceso
0     26   0    0             @const748
0     18   0    0   106  1.3  Port_Init
0      8   0    0    18  1.0  Config_TMR0
0    174   2    0  1046  2.9  Procesos_Init
0     54   1    0   169  1.3  MCU_Init
0     24   0    0             @const752
0    392   5    6  1096  8.7  Inicio_SO
0     82   1    0    38  0.9  MAIN
0     22   0    0             @const757
 Inline         0             @cinit1

Program metrics:
    Functions               21
    Statements              267
    Comments                187
    Volume (V)              15108
    Difficulty (D)          83.8
    Effort to implement (E) 1266617
    Time to implement (T)   19 hours, 33 minutes
    Est Delivered Bugs (B)  4
    Cyclomatic Complexity   51
    Maintainability (MI)    45

 Segment     Used  Free
-----------  ----  ----
00000-00006     4  4  
00008-000A0   154  0  
000A2-00FFE  2570  1364  
01000-01100    70  188  
01102-01200    72  184  
01202-01300    96  160  
01302-01400    96  160  
01402-02500     0  4352  
02502-02850   584  264  
02852-03FFE     0  6062  
04000-04FFE   392  3704  
05000-07FFE     0  12288  



