
ROM used:   5124/16384 (16%)
            6952/16384 (21%) including unused fragments

            2.7 Average locations per line
            11.5 Average locations per statement

RAM used:   220/2048 (11%) at main() level
            284/2048 (14%) worst case

Stack used: 9 worst case (5 in main + 4 for interrupts)
Stack size: 31

Lines Stmts  %   Files
----- ----- ---  -----
  600   363  81  Multitarea.c
  821     0   0  C:\Program Files (x86)\PICC\Devices\18F4550.h
  456    84  19  C:\Program Files (x86)\PICC\Drivers\lcd.c
----- -----
 1877   447 Total

Page ROM  %  RAM   Vol Diff  Functions:
---- --- --- ---   --- ----  ----------
0     40   0    1             @delay_ms1
0     30   0    0             @const648
0     62   1    3   596  5.9  lcd_read_byte
0     12   0    0    59  4.2  lcd_read_nibble
0     28   0    1   179  3.3  lcd_send_nibble
0     60   1    3   460  4.7  lcd_send_byte
0    104   1    2   667  5.9  lcd_init
0     12   0    0    32  1.0  activar_timer
0      4   0    0    17  0.8  desactivar_timer
0    106   1    1   673  3.3  DISPLAY
0    484   5   12   849  7.5  inter_quantum
0     36   0    0    98  1.9  serial_isr
0     10   0    0             @const751
0     34   0    2             @PSTRINGC_9600_31766_31767
0     56   1    3   153  4.7  addcbuff
0     34   0    3   131  3.5  inicbuff
0    456   4   16  1258  8.8  procesa_cmd
0     90   1   14             @MUL3232
0     78   1    0   511  5.2  ROML_LedA1
0     82   1    0   553  5.2  ROML_LedA2
0     82   1    1   441  6.6  ROML_LedA3
0     92   1    0   475  5.2  voidTask_LedB1
0    106   1    0   697  5.3  voidTask_LedC1
0    106   1    0   697  5.3  voidTask_LedC2
0    662   6    4   876  6.3  task_manager
0     54   1    0             @const774
0     52   1    0             @const775
0     42   0    3             @PSTRINGCN_9600_31766_31767
0    148   1   13             @DIV3232
0    188   2   12             @PRINTF_L32U_9600_31766_31767
0     12   0    0    48  1.1  Port_Init
0     10   0    0    32  1.0  inte_Init
0      8   0    0    18  1.0  Config_TMR0
0    242   2    0  1561  2.9  Procesos_Init
0    114   1    3   170  3.8  cargar_proceso
0     26   0    0             @const791
0     40   0    3             @DIV88
0    178   2    6             @PRINTF_D_9600_31766_31767
0    202   2    7   527  7.2  descargar_proceso
0     28   0    0             @const801
0     70   1    0   185  1.3  MCU_Init
0     24   0    0             @const804
0    470   5    6  1101  9.1  Inicio_SO
0     28   0    0             @const806
0     26   0    0             @const807
0    116   1    0    94  1.2  MAIN
0     22   0    0             @const811
 Inline         0             @cinit1

Program metrics:
    Functions               29
    Statements              447
    Comments                302
    Volume (V)              23138
    Difficulty (D)          123.0
    Effort to implement (E) 2845985
    Time to implement (T)   43 hours, 55 minutes
    Est Delivered Bugs (B)  7
    Cyclomatic Complexity   72
    Maintainability (MI)    43

 Segment     Used  Free
-----------  ----  ----
00000-00006     4  4  
00008-000A0   154  0  
000A2-00FFE  3288  646  
01000-01100    78  180  
01102-01200    82  174  
01202-01300    82  174  
01302-01400    92  164  
01402-01500   106  150  
01502-01600   106  150  
01602-02500     0  3840  
02502-02850   662  186  
02852-03FFE     0  6062  
04000-04FFE   470  3626  
05000-07FFE     0  12288  



