
ROM used:   3878/16384 (12%)
            6112/16384 (19%) including unused fragments

            2.8 Average locations per line
            12.4 Average locations per statement

RAM used:   1270/2048 (62%) at main() level
            1300/2048 (63%) worst case

Stack used: 5 worst case (2 in main + 3 for interrupts)
Stack size: 31

Lines Stmts  %   Files
----- ----- ---  -----
  577   314 100  ComSerial.c
  821     0   0  C:\Program Files (x86)\PICC\Devices\18F4550.h
----- -----
 1398   314 Total

Page ROM  %  RAM   Vol Diff  Functions:
---- --- --- ---   --- ----  ----------
0     12   0    0    32  1.0  activar_timer
0      6   0    0    17  0.8  desactivar_timer
0    696   9   12  1492  8.5  inter_quantum
0     10   0    0    32  1.0  inte_Init
0     22   0    0    54  1.5  serial_isr
0     60   1    3   153  4.7  addcbuff
0     38   0    3   131  3.5  inicbuff
0    212   3   15   736  7.2  procesa_cmd
0     64   1    0   339  3.7  Parpadear_D0
0     64   1    0   339  3.7  Parpadear_D1
0     64   1    0   339  3.7  Parpadear_D2
0    118   2    0   519  4.2  Parpadear_D3
0     44   1    3   483  7.3  @DIV88
0    190   2    6   106  1.3  @PRINTF_D_9600_31766_31767
0    118   2    0   519  4.2  Parpadear_D4
0    118   2    0   519  4.2  Parpadear_B0
0    118   2    0   519  4.2  Parpadear_B1
0     36   0    3   104  3.7  limpiar_calendario
0    110   1    4   208  4.3  cargar_proceso
0    158   2    7   483  7.3  descargar_proceso
0     18   0    0   106  1.3  Port_Init
0      8   0    0    18  1.0  Config_TMR0
0    262   3    0  1561  2.9  Procesos_Init
0     54   1    0   169  1.3  MCU_Init
0     24   0    0   169  1.3  @const742
0     34   0    2             @PSTRINGC_9600_31766_31767
0    768  10    6  2274 10.7  Inicio_SO
0     90   1   14             @MUL3232
0      6   0    0    38  0.9  @const750
0      6   0    0    38  0.9  @const751
0      6   0    0    38  0.9  @const754
0      6   0    0    38  0.9  @const755
0     80   1    0             @goto11186
0     78   1    0    38  0.9  MAIN
0     22   0    0    38  0.9  @const760
 Inline         0             @cinit1

Program metrics:
    Functions               32
    Statements              314
    Comments                243
    Volume (V)              20174
    Difficulty (D)          107.1
    Effort to implement (E) 2159926
    Time to implement (T)   33 hours, 20 minutes
    Est Delivered Bugs (B)  6
    Cyclomatic Complexity   67
    Maintainability (MI)    55

 Segment     Used  Free
-----------  ----  ----
00000-00006     4  4  
00008-000A0   154  0  
000A2-00FFE  2288  1646  
01000-01044    64  6  
01046-01090    64  12  
01092-010D6    64  6  
010D8-011D8   118  140  
011DA-012DA   118  140  
012DC-013DC   118  140  
013DE-014DE   118  140  
014E0-03FFE     0  11040  
04000-04FFE   768  3328  
05000-07FFE     0  12288  



