
ROM used:   656/7936 (8%)
            656/7936 (8%) including unused fragments

            0.8 Average locations per line
            5.9 Average locations per statement

RAM used:   7/357 (2%) at main() level
            12/357 (3%) worst case

Stack used: 2 worst case (2 in main + 0 for interrupts)
Stack size: 7

Lines Stmts  %   Files
----- ----- ---  -----
  196   112 100  SistemaPIC16F877a.c
  661     0   0  C:\Program Files (x86)\PICC\Devices\16f877a.h
----- -----
  857   112 Total

Page ROM  %  RAM   Vol Diff  Functions:
---- --- --- ---   --- ----  ----------
0     21   3    1             @delay_ms1
0     59   9    0   306  4.2  main
0      9   1    0             @const636
0     77  12    4             @PSTRINGC7_9600_62_63
0      8   1    0    32  1.0  Cargar_configuracion
0     10   2    0    17  0.8  version
0     12   2    0             @const638
0     86  13    1   741  5.6  encender_led
0      9   1    0             @const639
0      9   1    0             @const640
0     86  13    5             @PSTRINGCN7_9600_62_63
0     85  13    1   741  5.6  apagar_led
0      9   1    0             @const643
0      8   1    0             @const644
 Inline         0    33  0.9  encender_all
0      9   1    0             @const645
 Inline         0    33  0.9  apagar_all
0      8   1    0             @const646
0    121  18    1   879  6.2  estado_led
0      9   1    0             @const647
0      9   1    0             @const648
0      8   1    0             @const649
 Inline         0             @cinit1

Program metrics:
    Functions               8
    Statements              112
    Comments                132
    Volume (V)              3982
    Difficulty (D)          24.4
    Effort to implement (E) 97150
    Time to implement (T)   1 hours, 30 minutes
    Est Delivered Bugs (B)  1
    Cyclomatic Complexity   33
    Maintainability (MI)    95

 Segment     Used  Free
-----------  ----  ----
00000-00003     4  0  
00004-007FF   652  1392  
00800-00FFF     0  2048  
01000-017FF     0  2048  
01800-01EFF     0  1792  



