
ROM used:   70/7936 (1%)
            70/7936 (1%) including unused fragments

            0.1 Average locations per line
            11.7 Average locations per statement

RAM used:   6/357 (2%) at main() level
            7/357 (2%) worst case

Stack used: 1 worst case (1 in main + 0 for interrupts)
Stack size: 7

Lines Stmts  %   Files
----- ----- ---  -----
   34     6 100  recepcionPicPot.c
  661     0   0  C:\Program Files (x86)\PICC\Devices\16f877a.h
----- -----
  695     6 Total

Page ROM  %  RAM   Vol Diff  Functions:
---- --- --- ---   --- ----  ----------
0     23  33    1             @delay_ms1
0     43  61    1   125  2.4  main
 Inline         0             @cinit1

Program metrics:
    Functions               1
    Statements              6
    Comments                123
    Volume (V)              129
    Difficulty (D)          2.1
    Effort to implement (E) 267
    Time to implement (T)   0 minutes
    Est Delivered Bugs (B)  0
    Cyclomatic Complexity   1
    Maintainability (MI)    67

 Segment     Used  Free
-----------  ----  ----
00000-00003     4  0  
00004-007FF    66  1978  
00800-00FFF     0  2048  
01000-017FF     0  2048  
01800-01EFF     0  1792  



