
ROM used:   9504/16384 (29%)
            11722/16384 (36%) including unused fragments

            5.9 Average locations per line
            23.4 Average locations per statement

RAM used:   1761/2048 (86%) at main() level
            1853/2048 (90%) worst case

Stack used: 8 worst case (3 in main + 5 for interrupts)
Stack size: 31

Lines Stmts  %   Files
----- ----- ---  -----
  782   406 100  CalendarizacionFinal.c
  821     0   0  C:\Program Files (x86)\PICC\Devices\18F4550.h
----- -----
 1603   406 Total

Page ROM  %  RAM   Vol Diff  Functions:
---- --- --- ---   --- ----  ----------
0     42   0    1             @delay_ms1
0     12   0    0    32  1.0  iniciar_quantum
0      4   0    0    17  0.8  fin_quantum
0    574   3   11   961  8.5  inter_quantum
0     34   0    5   460  4.7  @MUL1616
0     96   1    8   191  4.8  pot_num
0     92   0   14   208  6.3  @MUL3232
0    688   4   38   974  7.5  cmd_process
0     56   0    4   238  4.0  @DTOF
0    632   3   16   267  6.8  @ADDFF
0     66   0    5    92  2.3  @FTOSD
0     18   0    0             @const770
0     52   0    1   176  3.5  aux
0     40   0    3   119  4.4  add_to_buffer
0     52   0    1   136  3.5  Data_Received
0     68   0    0   367  4.2  Parpadear_B0
0     68   0    0   367  4.2  Parpadear_B1
0     68   0    0   367  4.2  Parpadear_B2
0     68   0    0   367  4.2  Parpadear_B3
0    218   1    3   732  5.8  proceso_1
0    218   1    3   732  5.8  proceso_2
0    218   1    3   732  5.8  proceso_3
0    218   1    3   732  5.8  proceso_4
0    218   1    3   732  5.8  proceso_5
0     36   0    0   245  1.8  Port_Init
0     10   0    0    32  1.0  interrupt_Init
0      8   0    0    18  1.0  TMR0_Config
0    164   1    6   155  3.7  Procesos_Init
0   4400  23    6  9023 12.9  SO_Init
0    148   1   13  8981 12.9  @DIV3232
0     38   0    2   102  1.3  @PSTRINGR_9600_31766_31767
0     30   0    0   732  5.8  @const797
0     42   0    3   732  5.8  @PSTRINGCN_9600_31766_31767
0     44   0    3   732  5.8  @DIV88
0    126   1    2   732  5.8  @PRINTF_U_9600_31766_31767
0     24   0    0    32  1.0  @const807
0     34   0    2    18  1.0  @PSTRINGC_9600_31766_31767
0     32   0    0   155  3.7  @const809
0    188   1   12             @PRINTF_L32U_9600_31766_31767
0     46   0    0             @goto11411
0     32   0    0             @const814
0    124   1    0   102  1.3  MAIN
 Inline         0   102  1.3  @cinit1

Program metrics:
    Functions               38
    Statements              406
    Comments                326
    Volume (V)              48332
    Difficulty (D)          175.1
    Effort to implement (E) 8463487
    Time to implement (T)   130 hours, 37 minutes
    Est Delivered Bugs (B)  14
    Cyclomatic Complexity   173
    Maintainability (MI)    45

 Segment     Used  Free
-----------  ----  ----
00000-00006     4  4  
00008-000A0   154  0  
000A2-00FFE  3584  350  
01000-01044    68  2  
01046-01090    68  8  
01092-010D6    68  2  
010D8-0111C    68  2  
0111E-02FFE     0  7906  
03000-04800  4400  1746  
04802-04FFE     0  2046  
05000-050FE   218  38  
05100-051EE   218  22  
051F0-051FE     0  16  
05200-052EE   218  22  
052F0-052FE     0  16  
05300-053EE   218  22  
053F0-053FE     0  16  
05400-054EE   218  22  
054F0-07FFE     0  11024  



