
ROM used:   64/7936 (1%)
            64/7936 (1%) including unused fragments

            0.1 Average locations per line
            12.8 Average locations per statement

RAM used:   6/357 (2%) at main() level
            7/357 (2%) worst case

Stack used: 1 worst case (1 in main + 0 for interrupts)
Stack size: 7

Lines Stmts  %   Files
----- ----- ---  -----
   33     5 100  ReboteDatos.c
  661     0   0  C:\Program Files (x86)\PICC\Devices\16f877a.h
----- -----
  694     5 Total

Page ROM  %  RAM   Vol Diff  Functions:
---- --- --- ---   --- ----  ----------
0     23  36    1             @delay_ms1
0     37  58    0    88  2.1  main
 Inline         0             @cinit1

Program metrics:
    Functions               1
    Statements              5
    Comments                119
    Volume (V)              92
    Difficulty (D)          1.8
    Effort to implement (E) 161
    Time to implement (T)   0 minutes
    Est Delivered Bugs (B)  0
    Cyclomatic Complexity   1
    Maintainability (MI)    75

 Segment     Used  Free
-----------  ----  ----
00000-00003     4  0  
00004-007FF    60  1984  
00800-00FFF     0  2048  
01000-017FF     0  2048  
01800-01EFF     0  1792  



